<?xml version="1.0" encoding="UTF-8"?>
<!-- Generated by org.testng.reporters.JUnitReportReporter -->
<testsuite hostname="LAPTOP-09A52L5E" failures="0" tests="1" name="Test.Pagefactorytest" time="1.523" errors="0" timestamp="2024-01-05T11:33:42 IST" skipped="0">
  <testcase classname="Test.Pagefactorytest" name="test" time="1.523"/>
  <system-out/>
</testsuite> <!-- Test.Pagefactorytest -->
