<?xml version="1.0" encoding="UTF-8"?>
<!-- Generated by org.testng.reporters.JUnitReportReporter -->
<testsuite hostname="LAPTOP-09A52L5E" failures="0" tests="1" name="Test.Fblogintest" time="3.381" errors="0" timestamp="2024-01-04T11:16:29 IST" skipped="0">
  <testcase classname="Test.Fblogintest" name="test" time="3.381"/>
  <system-out/>
</testsuite> <!-- Test.Fblogintest -->
