<?xml version="1.0" encoding="UTF-8"?>
<!-- Generated by org.testng.reporters.JUnitReportReporter -->
<testsuite hostname="LAPTOP-09A52L5E" failures="0" tests="1" name="testNG_Basics.right_doubleclick" time="19.775" errors="0" timestamp="2023-12-21T11:27:36 IST" skipped="0">
  <testcase classname="testNG_Basics.right_doubleclick" name="test" time="19.775"/>
  <system-out/>
</testsuite> <!-- testNG_Basics.right_doubleclick -->
