<?xml version="1.0" encoding="UTF-8"?>
<!-- Generated by org.testng.reporters.JUnitReportReporter -->
<testsuite hostname="LAPTOP-09A52L5E" failures="0" tests="1" name="testNG_Basics.action" time="23.189" errors="0" timestamp="2023-12-21T10:24:06 IST" skipped="0">
  <testcase classname="testNG_Basics.action" name="test" time="23.189"/>
  <system-out/>
</testsuite> <!-- testNG_Basics.action -->
