<?xml version="1.0" encoding="UTF-8"?>
<!-- Generated by org.testng.reporters.JUnitReportReporter -->
<testsuite hostname="LAPTOP-09A52L5E" failures="0" tests="1" name="testNG_Basics.scrolling" time="8.611" errors="0" timestamp="2023-12-28T11:11:16 IST" skipped="0">
  <testcase classname="testNG_Basics.scrolling" name="windowhandling" time="8.611"/>
  <system-out/>
</testsuite> <!-- testNG_Basics.scrolling -->
