<?xml version="1.0" encoding="UTF-8"?>
<!-- Generated by org.testng.reporters.JUnitReportReporter -->
<testsuite hostname="LAPTOP-09A52L5E" failures="0" tests="3" name="testNG_Basics.dependso_on" time="0.008" errors="0" timestamp="2023-12-18T11:25:25 IST" skipped="0">
  <testcase classname="testNG_Basics.dependso_on" name="test2" time="0.001"/>
  <system-out/>
  <testcase classname="testNG_Basics.dependso_on" name="test3" time="0.002"/>
  <system-out/>
  <testcase classname="testNG_Basics.dependso_on" name="test1" time="0.005"/>
  <system-out/>
</testsuite> <!-- testNG_Basics.dependso_on -->
