<?xml version="1.0" encoding="UTF-8"?>
<!-- Generated by org.testng.reporters.JUnitReportReporter -->
<testsuite hostname="LAPTOP-09A52L5E" failures="0" tests="3" name="testNG_Basics.Testng_priority" time="0.015" errors="0" timestamp="2023-12-18T11:11:55 IST" skipped="0">
  <testcase classname="testNG_Basics.Testng_priority" name="test3" time="0.007"/>
  <system-out/>
  <testcase classname="testNG_Basics.Testng_priority" name="test1" time="0.003"/>
  <system-out/>
  <testcase classname="testNG_Basics.Testng_priority" name="test2" time="0.005"/>
  <system-out/>
</testsuite> <!-- testNG_Basics.Testng_priority -->
