<?xml version="1.0" encoding="UTF-8"?>
<!-- Generated by org.testng.reporters.JUnitReportReporter -->
<testsuite hostname="LAPTOP-09A52L5E" failures="0" tests="1" name="testNG_Basics.New_tab_window" time="3.680" errors="0" timestamp="2023-12-28T10:45:13 IST" skipped="0">
  <testcase classname="testNG_Basics.New_tab_window" name="setup" time="3.680"/>
  <system-out/>
</testsuite> <!-- testNG_Basics.New_tab_window -->
