<?xml version="1.0" encoding="UTF-8"?>
<!-- Generated by org.testng.reporters.JUnitReportReporter -->
<testsuite hostname="LAPTOP-09A52L5E" failures="0" tests="1" name="testNG_Basics.Windowhandlingprogram" time="96.227" errors="0" timestamp="2024-01-02T22:47:54 IST" skipped="0">
  <testcase classname="testNG_Basics.Windowhandlingprogram" name="windowhandling" time="96.227"/>
  <system-out/>
</testsuite> <!-- testNG_Basics.Windowhandlingprogram -->
