<?xml version="1.0" encoding="UTF-8"?>
<!-- Generated by org.testng.reporters.JUnitReportReporter -->
<testsuite hostname="LAPTOP-09A52L5E" failures="0" tests="3" name="testNG_Basics.skip" time="0.013" errors="0" timestamp="2023-12-18T11:28:52 IST" skipped="1">
  <testcase classname="testNG_Basics.skip" name="test1" time="0.010"/>
  <system-out/>
  <testcase classname="testNG_Basics.skip" name="test3" time="0.003"/>
  <system-out/>
  <testcase classname="testNG_Basics.skip" name="test2">
    <skipped/>
  </testcase> <!-- test2 -->
  <system-out/>
</testsuite> <!-- testNG_Basics.skip -->
