<?xml version="1.0" encoding="UTF-8"?>
<!-- Generated by org.testng.reporters.JUnitReportReporter -->
<testsuite hostname="LAPTOP-09A52L5E" failures="0" tests="1" name="testNG_Basics.File_uploading" time="4.179" errors="0" timestamp="2023-12-27T11:19:44 IST" skipped="0">
  <testcase classname="testNG_Basics.File_uploading" name="fileuploading" time="4.179"/>
  <system-out/>
</testsuite> <!-- testNG_Basics.File_uploading -->
