<?xml version="1.0" encoding="UTF-8"?>
<!-- Generated by org.testng.reporters.JUnitReportReporter -->
<testsuite hostname="LAPTOP-09A52L5E" failures="0" tests="1" name="testNG_Basics.auto_id" time="5.194" errors="0" timestamp="2023-12-27T11:00:58 IST" skipped="0">
  <testcase classname="testNG_Basics.auto_id" name="test" time="5.194"/>
  <system-out/>
</testsuite> <!-- testNG_Basics.auto_id -->
