<?xml version="1.0" encoding="UTF-8"?>
<!-- Generated by org.testng.reporters.JUnitReportReporter -->
<testsuite hostname="LAPTOP-09A52L5E" failures="0" tests="2" name="testNG_Basics.Grouping" time="0.010" errors="0" timestamp="2023-12-19T10:37:36 IST" skipped="0">
  <testcase classname="testNG_Basics.Grouping" name="main3" time="0.008"/>
  <system-out/>
  <testcase classname="testNG_Basics.Grouping" name="main4" time="0.002"/>
  <system-out/>
</testsuite> <!-- testNG_Basics.Grouping -->
