<?xml version="1.0" encoding="UTF-8"?>
<!-- Generated by org.testng.reporters.JUnitReportReporter -->
<testsuite hostname="LAPTOP-09A52L5E" failures="0" tests="1" name="testNG_Basics.action_newtask" time="5.895" errors="0" timestamp="2023-12-21T10:51:22 IST" skipped="0">
  <testcase classname="testNG_Basics.action_newtask" name="test" time="5.895"/>
  <system-out/>
</testsuite> <!-- testNG_Basics.action_newtask -->
