<?xml version="1.0" encoding="UTF-8"?>
<!-- Generated by org.testng.reporters.JUnitReportReporter -->
<testsuite hostname="LAPTOP-09A52L5E" failures="0" tests="5" name="testNG_Basics.Invocation" time="0.026" errors="0" timestamp="2023-12-18T11:20:36 IST" skipped="0">
  <testcase classname="testNG_Basics.Invocation" name="test2" time="0.005"/>
  <system-out/>
  <testcase classname="testNG_Basics.Invocation" name="test3" time="0.003"/>
  <system-out/>
  <testcase classname="testNG_Basics.Invocation" name="test2" time="0.004"/>
  <system-out/>
  <testcase classname="testNG_Basics.Invocation" name="test1" time="0.012"/>
  <system-out/>
  <testcase classname="testNG_Basics.Invocation" name="test2" time="0.002"/>
  <system-out/>
</testsuite> <!-- testNG_Basics.Invocation -->
