<?xml version="1.0" encoding="UTF-8"?>
<!-- Generated by org.testng.reporters.JUnitReportReporter -->
<testsuite hostname="LAPTOP-09A52L5E" failures="0" tests="1" name="testNG_Basics.Handle_notification" time="38.380" errors="0" timestamp="2023-12-28T11:24:32 IST" skipped="0">
  <testcase classname="testNG_Basics.Handle_notification" name="urlloading" time="38.380"/>
  <system-out/>
</testsuite> <!-- testNG_Basics.Handle_notification -->
