<?xml version="1.0" encoding="UTF-8"?>
<!-- Generated by org.testng.reporters.JUnitReportReporter -->
<testsuite hostname="LAPTOP-09A52L5E" failures="0" tests="1" name="testNG_Basics.parameter_annotations" time="0.008" errors="0" timestamp="2023-12-19T10:50:27 IST" skipped="0">
  <testcase classname="testNG_Basics.parameter_annotations" name="test" time="0.008"/>
  <system-out/>
</testsuite> <!-- testNG_Basics.parameter_annotations -->
