<?xml version="1.0" encoding="UTF-8"?>
<!-- Generated by org.testng.reporters.JUnitReportReporter -->
<testsuite hostname="LAPTOP-09A52L5E" failures="0" tests="3" name="testNG_Basics.TestNG_structure" time="0.016" errors="0" timestamp="2023-12-18T11:05:49 IST" skipped="0">
  <testcase classname="testNG_Basics.TestNG_structure" name="test2" time="0.004"/>
  <system-out/>
  <testcase classname="testNG_Basics.TestNG_structure" name="test3" time="0.003"/>
  <system-out/>
  <testcase classname="testNG_Basics.TestNG_structure" name="test1" time="0.009"/>
  <system-out/>
</testsuite> <!-- testNG_Basics.TestNG_structure -->
