<?xml version="1.0" encoding="UTF-8"?>
<!-- Generated by org.testng.reporters.JUnitReportReporter -->
<testsuite hostname="LAPTOP-09A52L5E" failures="0" tests="3" name="testNG_Basics.crossbrowser_testing" time="4.365" errors="0" timestamp="2023-12-20T11:04:49 IST" skipped="0">
  <testcase classname="testNG_Basics.crossbrowser_testing" name="test_fb" time="1.915"/>
  <system-out/>
  <testcase classname="testNG_Basics.crossbrowser_testing" name="test_fb" time="1.166"/>
  <system-out/>
  <testcase classname="testNG_Basics.crossbrowser_testing" name="test_fb" time="1.284"/>
  <system-out/>
</testsuite> <!-- testNG_Basics.crossbrowser_testing -->
